{"total": {"lines":{"total":6989,"covered":3874,"skipped":0,"pct":55.42},"statements":{"total":6989,"covered":3874,"skipped":0,"pct":55.42},"functions":{"total":422,"covered":239,"skipped":0,"pct":56.63},"branches":{"total":1113,"covered":715,"skipped":0,"pct":64.24},"branchesTrue":{"total":0,"covered":0,"skipped":0,"pct":100}}
,"/home/ubuntu/idlr_pts_mobile/lib/background-sync.ts": {"lines":{"total":25,"covered":0,"skipped":0,"pct":0},"functions":{"total":1,"covered":0,"skipped":0,"pct":0},"statements":{"total":25,"covered":0,"skipped":0,"pct":0},"branches":{"total":1,"covered":0,"skipped":0,"pct":0}}
,"/home/ubuntu/idlr_pts_mobile/lib/biometric-diagnostic-export.ts": {"lines":{"total":2,"covered":0,"skipped":0,"pct":0},"functions":{"total":1,"covered":0,"skipped":0,"pct":0},"statements":{"total":2,"covered":0,"skipped":0,"pct":0},"branches":{"total":1,"covered":0,"skipped":0,"pct":0}}
,"/home/ubuntu/idlr_pts_mobile/lib/biometric-export-authorization.ts": {"lines":{"total":1,"covered":1,"skipped":0,"pct":100},"functions":{"total":1,"covered":1,"skipped":0,"pct":100},"statements":{"total":1,"covered":1,"skipped":0,"pct":100},"branches":{"total":7,"covered":7,"skipped":0,"pct":100}}
,"/home/ubuntu/idlr_pts_mobile/lib/diagnostic-attestation-bulk.ts": {"lines":{"total":3,"covered":3,"skipped":0,"pct":100},"functions":{"total":3,"covered":3,"skipped":0,"pct":100},"statements":{"total":3,"covered":3,"skipped":0,"pct":100},"branches":{"total":9,"covered":9,"skipped":0,"pct":100}}
,"/home/ubuntu/idlr_pts_mobile/lib/diagnostic-attestation-csv-export.ts": {"lines":{"total":2,"covered":0,"skipped":0,"pct":0},"functions":{"total":1,"covered":0,"skipped":0,"pct":0},"statements":{"total":2,"covered":0,"skipped":0,"pct":0},"branches":{"total":1,"covered":0,"skipped":0,"pct":0}}
,"/home/ubuntu/idlr_pts_mobile/lib/fullscreen-map-data.ts": {"lines":{"total":175,"covered":175,"skipped":0,"pct":100},"functions":{"total":7,"covered":7,"skipped":0,"pct":100},"statements":{"total":175,"covered":175,"skipped":0,"pct":100},"branches":{"total":21,"covered":21,"skipped":0,"pct":100}}
,"/home/ubuntu/idlr_pts_mobile/lib/mobile-activity.ts": {"lines":{"total":424,"covered":189,"skipped":0,"pct":44.57},"functions":{"total":27,"covered":10,"skipped":0,"pct":37.03},"statements":{"total":424,"covered":189,"skipped":0,"pct":44.57},"branches":{"total":52,"covered":30,"skipped":0,"pct":57.69}}
,"/home/ubuntu/idlr_pts_mobile/lib/mobile-data.ts": {"lines":{"total":274,"covered":274,"skipped":0,"pct":100},"functions":{"total":5,"covered":5,"skipped":0,"pct":100},"statements":{"total":274,"covered":274,"skipped":0,"pct":100},"branches":{"total":14,"covered":11,"skipped":0,"pct":78.57}}
,"/home/ubuntu/idlr_pts_mobile/lib/mobile-geofencing.ts": {"lines":{"total":169,"covered":0,"skipped":0,"pct":0},"functions":{"total":1,"covered":0,"skipped":0,"pct":0},"statements":{"total":169,"covered":0,"skipped":0,"pct":0},"branches":{"total":1,"covered":0,"skipped":0,"pct":0}}
,"/home/ubuntu/idlr_pts_mobile/lib/mobile-notification-preferences.ts": {"lines":{"total":146,"covered":0,"skipped":0,"pct":0},"functions":{"total":1,"covered":0,"skipped":0,"pct":0},"statements":{"total":146,"covered":0,"skipped":0,"pct":0},"branches":{"total":1,"covered":0,"skipped":0,"pct":0}}
,"/home/ubuntu/idlr_pts_mobile/lib/mobile-notifications.ts": {"lines":{"total":47,"covered":0,"skipped":0,"pct":0},"functions":{"total":1,"covered":0,"skipped":0,"pct":0},"statements":{"total":47,"covered":0,"skipped":0,"pct":0},"branches":{"total":1,"covered":0,"skipped":0,"pct":0}}
,"/home/ubuntu/idlr_pts_mobile/lib/mobile-sync-replay.ts": {"lines":{"total":105,"covered":99,"skipped":0,"pct":94.28},"functions":{"total":6,"covered":6,"skipped":0,"pct":100},"statements":{"total":105,"covered":99,"skipped":0,"pct":94.28},"branches":{"total":30,"covered":23,"skipped":0,"pct":76.66}}
,"/home/ubuntu/idlr_pts_mobile/lib/mobile-sync.ts": {"lines":{"total":342,"covered":0,"skipped":0,"pct":0},"functions":{"total":1,"covered":0,"skipped":0,"pct":0},"statements":{"total":342,"covered":0,"skipped":0,"pct":0},"branches":{"total":1,"covered":0,"skipped":0,"pct":0}}
,"/home/ubuntu/idlr_pts_mobile/lib/nigeria-jurisdiction-policy.ts": {"lines":{"total":15,"covered":15,"skipped":0,"pct":100},"functions":{"total":2,"covered":2,"skipped":0,"pct":100},"statements":{"total":15,"covered":15,"skipped":0,"pct":100},"branches":{"total":6,"covered":4,"skipped":0,"pct":66.66}}
,"/home/ubuntu/idlr_pts_mobile/lib/offline-audit-cache.ts": {"lines":{"total":55,"covered":0,"skipped":0,"pct":0},"functions":{"total":1,"covered":0,"skipped":0,"pct":0},"statements":{"total":55,"covered":0,"skipped":0,"pct":0},"branches":{"total":1,"covered":0,"skipped":0,"pct":0}}
,"/home/ubuntu/idlr_pts_mobile/lib/offline-field-attachment-policy.ts": {"lines":{"total":3,"covered":3,"skipped":0,"pct":100},"functions":{"total":0,"covered":0,"skipped":0,"pct":100},"statements":{"total":3,"covered":3,"skipped":0,"pct":100},"branches":{"total":0,"covered":0,"skipped":0,"pct":100}}
,"/home/ubuntu/idlr_pts_mobile/lib/offline-field-attachments.ts": {"lines":{"total":32,"covered":0,"skipped":0,"pct":0},"functions":{"total":1,"covered":0,"skipped":0,"pct":0},"statements":{"total":32,"covered":0,"skipped":0,"pct":0},"branches":{"total":1,"covered":0,"skipped":0,"pct":0}}
,"/home/ubuntu/idlr_pts_mobile/lib/offline-field-evidence.ts": {"lines":{"total":54,"covered":0,"skipped":0,"pct":0},"functions":{"total":1,"covered":0,"skipped":0,"pct":0},"statements":{"total":54,"covered":0,"skipped":0,"pct":0},"branches":{"total":1,"covered":0,"skipped":0,"pct":0}}
,"/home/ubuntu/idlr_pts_mobile/lib/oidc-session.ts": {"lines":{"total":67,"covered":43,"skipped":0,"pct":64.17},"functions":{"total":9,"covered":7,"skipped":0,"pct":77.77},"statements":{"total":67,"covered":43,"skipped":0,"pct":64.17},"branches":{"total":25,"covered":10,"skipped":0,"pct":40}}
,"/home/ubuntu/idlr_pts_mobile/lib/payment-scan-feedback.ts": {"lines":{"total":3,"covered":3,"skipped":0,"pct":100},"functions":{"total":1,"covered":1,"skipped":0,"pct":100},"statements":{"total":3,"covered":3,"skipped":0,"pct":100},"branches":{"total":3,"covered":3,"skipped":0,"pct":100}}
,"/home/ubuntu/idlr_pts_mobile/lib/permitting-domain.ts": {"lines":{"total":458,"covered":454,"skipped":0,"pct":99.12},"functions":{"total":6,"covered":4,"skipped":0,"pct":66.66},"statements":{"total":458,"covered":454,"skipped":0,"pct":99.12},"branches":{"total":8,"covered":8,"skipped":0,"pct":100}}
,"/home/ubuntu/idlr_pts_mobile/lib/receipt-revocation-notification.ts": {"lines":{"total":3,"covered":3,"skipped":0,"pct":100},"functions":{"total":3,"covered":3,"skipped":0,"pct":100},"statements":{"total":3,"covered":3,"skipped":0,"pct":100},"branches":{"total":6,"covered":5,"skipped":0,"pct":83.33}}
,"/home/ubuntu/idlr_pts_mobile/lib/session-guard.ts": {"lines":{"total":47,"covered":0,"skipped":0,"pct":0},"functions":{"total":1,"covered":0,"skipped":0,"pct":0},"statements":{"total":47,"covered":0,"skipped":0,"pct":0},"branches":{"total":1,"covered":0,"skipped":0,"pct":0}}
,"/home/ubuntu/idlr_pts_mobile/lib/stakeholder-export-receipt-crypto.ts": {"lines":{"total":5,"covered":5,"skipped":0,"pct":100},"functions":{"total":5,"covered":5,"skipped":0,"pct":100},"statements":{"total":5,"covered":5,"skipped":0,"pct":100},"branches":{"total":23,"covered":18,"skipped":0,"pct":78.26}}
,"/home/ubuntu/idlr_pts_mobile/lib/stakeholder-export-receipt.ts": {"lines":{"total":6,"covered":0,"skipped":0,"pct":0},"functions":{"total":1,"covered":0,"skipped":0,"pct":0},"statements":{"total":6,"covered":0,"skipped":0,"pct":0},"branches":{"total":1,"covered":0,"skipped":0,"pct":0}}
,"/home/ubuntu/idlr_pts_mobile/lib/stakeholder-server-attestation-crypto.ts": {"lines":{"total":4,"covered":4,"skipped":0,"pct":100},"functions":{"total":4,"covered":4,"skipped":0,"pct":100},"statements":{"total":4,"covered":4,"skipped":0,"pct":100},"branches":{"total":14,"covered":7,"skipped":0,"pct":50}}
,"/home/ubuntu/idlr_pts_mobile/lib/stakeholder-support-crypto.ts": {"lines":{"total":10,"covered":10,"skipped":0,"pct":100},"functions":{"total":6,"covered":6,"skipped":0,"pct":100},"statements":{"total":10,"covered":10,"skipped":0,"pct":100},"branches":{"total":14,"covered":9,"skipped":0,"pct":64.28}}
,"/home/ubuntu/idlr_pts_mobile/lib/stakeholder-sync-audit-visibility.ts": {"lines":{"total":1,"covered":1,"skipped":0,"pct":100},"functions":{"total":1,"covered":1,"skipped":0,"pct":100},"statements":{"total":1,"covered":1,"skipped":0,"pct":100},"branches":{"total":2,"covered":2,"skipped":0,"pct":100}}
,"/home/ubuntu/idlr_pts_mobile/lib/stakeholder-sync-diagnostics-format.ts": {"lines":{"total":1,"covered":1,"skipped":0,"pct":100},"functions":{"total":1,"covered":1,"skipped":0,"pct":100},"statements":{"total":1,"covered":1,"skipped":0,"pct":100},"branches":{"total":6,"covered":4,"skipped":0,"pct":66.66}}
,"/home/ubuntu/idlr_pts_mobile/lib/stakeholder-sync-diagnostics.ts": {"lines":{"total":13,"covered":0,"skipped":0,"pct":0},"functions":{"total":1,"covered":0,"skipped":0,"pct":0},"statements":{"total":13,"covered":0,"skipped":0,"pct":0},"branches":{"total":1,"covered":0,"skipped":0,"pct":0}}
,"/home/ubuntu/idlr_pts_mobile/lib/stakeholder-sync-error-details.ts": {"lines":{"total":6,"covered":4,"skipped":0,"pct":66.66},"functions":{"total":1,"covered":1,"skipped":0,"pct":100},"statements":{"total":6,"covered":4,"skipped":0,"pct":66.66},"branches":{"total":4,"covered":1,"skipped":0,"pct":25}}
,"/home/ubuntu/idlr_pts_mobile/lib/stakeholder-sync-index.ts": {"lines":{"total":7,"covered":6,"skipped":0,"pct":85.71},"functions":{"total":3,"covered":2,"skipped":0,"pct":66.66},"statements":{"total":7,"covered":6,"skipped":0,"pct":85.71},"branches":{"total":11,"covered":10,"skipped":0,"pct":90.9}}
,"/home/ubuntu/idlr_pts_mobile/lib/stakeholder-sync-queue.ts": {"lines":{"total":57,"covered":0,"skipped":0,"pct":0},"functions":{"total":1,"covered":0,"skipped":0,"pct":0},"statements":{"total":57,"covered":0,"skipped":0,"pct":0},"branches":{"total":1,"covered":0,"skipped":0,"pct":0}}
,"/home/ubuntu/idlr_pts_mobile/lib/stakeholder-sync-retry.ts": {"lines":{"total":4,"covered":4,"skipped":0,"pct":100},"functions":{"total":3,"covered":3,"skipped":0,"pct":100},"statements":{"total":4,"covered":4,"skipped":0,"pct":100},"branches":{"total":9,"covered":6,"skipped":0,"pct":66.66}}
,"/home/ubuntu/idlr_pts_mobile/lib/stakeholder-sync-settings.ts": {"lines":{"total":5,"covered":0,"skipped":0,"pct":0},"functions":{"total":1,"covered":0,"skipped":0,"pct":0},"statements":{"total":5,"covered":0,"skipped":0,"pct":0},"branches":{"total":1,"covered":0,"skipped":0,"pct":0}}
,"/home/ubuntu/idlr_pts_mobile/lib/stakeholder-sync-validation.ts": {"lines":{"total":9,"covered":9,"skipped":0,"pct":100},"functions":{"total":1,"covered":1,"skipped":0,"pct":100},"statements":{"total":9,"covered":9,"skipped":0,"pct":100},"branches":{"total":14,"covered":7,"skipped":0,"pct":50}}
,"/home/ubuntu/idlr_pts_mobile/lib/stakeholder-sync-view.ts": {"lines":{"total":4,"covered":4,"skipped":0,"pct":100},"functions":{"total":2,"covered":2,"skipped":0,"pct":100},"statements":{"total":4,"covered":4,"skipped":0,"pct":100},"branches":{"total":8,"covered":6,"skipped":0,"pct":75}}
,"/home/ubuntu/idlr_pts_mobile/lib/stakeholder-validation.ts": {"lines":{"total":15,"covered":15,"skipped":0,"pct":100},"functions":{"total":1,"covered":1,"skipped":0,"pct":100},"statements":{"total":15,"covered":15,"skipped":0,"pct":100},"branches":{"total":8,"covered":8,"skipped":0,"pct":100}}
,"/home/ubuntu/idlr_pts_mobile/lib/supervisor-filter-presets.ts": {"lines":{"total":7,"covered":4,"skipped":0,"pct":57.14},"functions":{"total":5,"covered":1,"skipped":0,"pct":20},"statements":{"total":7,"covered":4,"skipped":0,"pct":57.14},"branches":{"total":10,"covered":8,"skipped":0,"pct":80}}
,"/home/ubuntu/idlr_pts_mobile/lib/technical-queue-view.ts": {"lines":{"total":2,"covered":0,"skipped":0,"pct":0},"functions":{"total":1,"covered":0,"skipped":0,"pct":0},"statements":{"total":2,"covered":0,"skipped":0,"pct":0},"branches":{"total":1,"covered":0,"skipped":0,"pct":0}}
,"/home/ubuntu/idlr_pts_mobile/lib/technical-view-authorization.ts": {"lines":{"total":1,"covered":1,"skipped":0,"pct":100},"functions":{"total":1,"covered":1,"skipped":0,"pct":100},"statements":{"total":1,"covered":1,"skipped":0,"pct":100},"branches":{"total":5,"covered":5,"skipped":0,"pct":100}}
,"/home/ubuntu/idlr_pts_mobile/lib/technical-view-session.ts": {"lines":{"total":6,"covered":6,"skipped":0,"pct":100},"functions":{"total":5,"covered":5,"skipped":0,"pct":100},"statements":{"total":6,"covered":6,"skipped":0,"pct":100},"branches":{"total":7,"covered":6,"skipped":0,"pct":85.71}}
,"/home/ubuntu/idlr_pts_mobile/lib/trpc.ts": {"lines":{"total":24,"covered":0,"skipped":0,"pct":0},"functions":{"total":1,"covered":0,"skipped":0,"pct":0},"statements":{"total":24,"covered":0,"skipped":0,"pct":0},"branches":{"total":1,"covered":0,"skipped":0,"pct":0}}
,"/home/ubuntu/idlr_pts_mobile/lib/utils.ts": {"lines":{"total":4,"covered":0,"skipped":0,"pct":0},"functions":{"total":1,"covered":0,"skipped":0,"pct":0},"statements":{"total":4,"covered":0,"skipped":0,"pct":0},"branches":{"total":1,"covered":0,"skipped":0,"pct":0}}
,"/home/ubuntu/idlr_pts_mobile/server/db.ts": {"lines":{"total":70,"covered":2,"skipped":0,"pct":2.85},"functions":{"total":3,"covered":0,"skipped":0,"pct":0},"statements":{"total":70,"covered":2,"skipped":0,"pct":2.85},"branches":{"total":0,"covered":0,"skipped":0,"pct":100}}
,"/home/ubuntu/idlr_pts_mobile/server/developmentProviderEmulators.ts": {"lines":{"total":78,"covered":67,"skipped":0,"pct":85.89},"functions":{"total":4,"covered":4,"skipped":0,"pct":100},"statements":{"total":78,"covered":67,"skipped":0,"pct":85.89},"branches":{"total":25,"covered":13,"skipped":0,"pct":52}}
,"/home/ubuntu/idlr_pts_mobile/server/diagnosticAttestationRepository.ts": {"lines":{"total":16,"covered":3,"skipped":0,"pct":18.75},"functions":{"total":15,"covered":2,"skipped":0,"pct":13.33},"statements":{"total":16,"covered":3,"skipped":0,"pct":18.75},"branches":{"total":8,"covered":3,"skipped":0,"pct":37.5}}
,"/home/ubuntu/idlr_pts_mobile/server/diagnosticExportAttestation.ts": {"lines":{"total":6,"covered":3,"skipped":0,"pct":50},"functions":{"total":3,"covered":0,"skipped":0,"pct":0},"statements":{"total":6,"covered":3,"skipped":0,"pct":50},"branches":{"total":0,"covered":0,"skipped":0,"pct":100}}
,"/home/ubuntu/idlr_pts_mobile/server/fieldEvidenceRepository.ts": {"lines":{"total":72,"covered":64,"skipped":0,"pct":88.88},"functions":{"total":8,"covered":7,"skipped":0,"pct":87.5},"statements":{"total":72,"covered":64,"skipped":0,"pct":88.88},"branches":{"total":23,"covered":16,"skipped":0,"pct":69.56}}
,"/home/ubuntu/idlr_pts_mobile/server/infrastructureStatus.ts": {"lines":{"total":24,"covered":24,"skipped":0,"pct":100},"functions":{"total":1,"covered":1,"skipped":0,"pct":100},"statements":{"total":24,"covered":24,"skipped":0,"pct":100},"branches":{"total":12,"covered":2,"skipped":0,"pct":16.66}}
,"/home/ubuntu/idlr_pts_mobile/server/integrationSettingsRepository.ts": {"lines":{"total":111,"covered":69,"skipped":0,"pct":62.16},"functions":{"total":10,"covered":7,"skipped":0,"pct":70},"statements":{"total":111,"covered":69,"skipped":0,"pct":62.16},"branches":{"total":22,"covered":10,"skipped":0,"pct":45.45}}
,"/home/ubuntu/idlr_pts_mobile/server/keycloakAdmin.ts": {"lines":{"total":28,"covered":20,"skipped":0,"pct":71.42},"functions":{"total":4,"covered":3,"skipped":0,"pct":75},"statements":{"total":28,"covered":20,"skipped":0,"pct":71.42},"branches":{"total":26,"covered":16,"skipped":0,"pct":61.53}}
,"/home/ubuntu/idlr_pts_mobile/server/localPolicyRepository.ts": {"lines":{"total":45,"covered":45,"skipped":0,"pct":100},"functions":{"total":8,"covered":8,"skipped":0,"pct":100},"statements":{"total":45,"covered":45,"skipped":0,"pct":100},"branches":{"total":19,"covered":16,"skipped":0,"pct":84.21}}
,"/home/ubuntu/idlr_pts_mobile/server/mobilePlatformRepository.ts": {"lines":{"total":780,"covered":302,"skipped":0,"pct":38.71},"functions":{"total":35,"covered":21,"skipped":0,"pct":60},"statements":{"total":780,"covered":302,"skipped":0,"pct":38.71},"branches":{"total":100,"covered":60,"skipped":0,"pct":60}}
,"/home/ubuntu/idlr_pts_mobile/server/objectStorageConfig.ts": {"lines":{"total":3,"covered":3,"skipped":0,"pct":100},"functions":{"total":3,"covered":3,"skipped":0,"pct":100},"statements":{"total":3,"covered":3,"skipped":0,"pct":100},"branches":{"total":15,"covered":14,"skipped":0,"pct":93.33}}
,"/home/ubuntu/idlr_pts_mobile/server/observability.ts": {"lines":{"total":4,"covered":4,"skipped":0,"pct":100},"functions":{"total":3,"covered":2,"skipped":0,"pct":66.66},"statements":{"total":4,"covered":4,"skipped":0,"pct":100},"branches":{"total":3,"covered":2,"skipped":0,"pct":66.66}}
,"/home/ubuntu/idlr_pts_mobile/server/offlinePaymentRepository.ts": {"lines":{"total":176,"covered":8,"skipped":0,"pct":4.54},"functions":{"total":52,"covered":0,"skipped":0,"pct":0},"statements":{"total":176,"covered":8,"skipped":0,"pct":4.54},"branches":{"total":0,"covered":0,"skipped":0,"pct":100}}
,"/home/ubuntu/idlr_pts_mobile/server/paymentAuditMigrations.ts": {"lines":{"total":131,"covered":60,"skipped":0,"pct":45.8},"functions":{"total":6,"covered":0,"skipped":0,"pct":0},"statements":{"total":131,"covered":60,"skipped":0,"pct":45.8},"branches":{"total":0,"covered":0,"skipped":0,"pct":100}}
,"/home/ubuntu/idlr_pts_mobile/server/paymentGatewayConfig.ts": {"lines":{"total":54,"covered":19,"skipped":0,"pct":35.18},"functions":{"total":15,"covered":4,"skipped":0,"pct":26.66},"statements":{"total":54,"covered":19,"skipped":0,"pct":35.18},"branches":{"total":12,"covered":4,"skipped":0,"pct":33.33}}
,"/home/ubuntu/idlr_pts_mobile/server/permittingPlatformRepository.ts": {"lines":{"total":1055,"covered":902,"skipped":0,"pct":85.49},"functions":{"total":61,"covered":55,"skipped":0,"pct":90.16},"statements":{"total":1055,"covered":902,"skipped":0,"pct":85.49},"branches":{"total":320,"covered":231,"skipped":0,"pct":72.18}}
,"/home/ubuntu/idlr_pts_mobile/server/productionRuntime.ts": {"lines":{"total":14,"covered":14,"skipped":0,"pct":100},"functions":{"total":5,"covered":5,"skipped":0,"pct":100},"statements":{"total":14,"covered":14,"skipped":0,"pct":100},"branches":{"total":23,"covered":22,"skipped":0,"pct":95.65}}
,"/home/ubuntu/idlr_pts_mobile/server/routers.ts": {"lines":{"total":663,"covered":550,"skipped":0,"pct":82.95},"functions":{"total":0,"covered":0,"skipped":0,"pct":100},"statements":{"total":663,"covered":550,"skipped":0,"pct":82.95},"branches":{"total":1,"covered":1,"skipped":0,"pct":100}}
,"/home/ubuntu/idlr_pts_mobile/server/securityOperations.ts": {"lines":{"total":35,"covered":35,"skipped":0,"pct":100},"functions":{"total":9,"covered":7,"skipped":0,"pct":77.77},"statements":{"total":35,"covered":35,"skipped":0,"pct":100},"branches":{"total":22,"covered":12,"skipped":0,"pct":54.54}}
,"/home/ubuntu/idlr_pts_mobile/server/securityTelemetry.ts": {"lines":{"total":22,"covered":9,"skipped":0,"pct":40.9},"functions":{"total":3,"covered":1,"skipped":0,"pct":33.33},"statements":{"total":22,"covered":9,"skipped":0,"pct":40.9},"branches":{"total":9,"covered":1,"skipped":0,"pct":11.11}}
,"/home/ubuntu/idlr_pts_mobile/server/storage.ts": {"lines":{"total":11,"covered":9,"skipped":0,"pct":81.81},"functions":{"total":9,"covered":7,"skipped":0,"pct":77.77},"statements":{"total":11,"covered":9,"skipped":0,"pct":81.81},"branches":{"total":12,"covered":9,"skipped":0,"pct":75}}
,"/home/ubuntu/idlr_pts_mobile/server/trustProviders.ts": {"lines":{"total":186,"covered":167,"skipped":0,"pct":89.78},"functions":{"total":13,"covered":13,"skipped":0,"pct":100},"statements":{"total":186,"covered":167,"skipped":0,"pct":89.78},"branches":{"total":95,"covered":49,"skipped":0,"pct":51.57}}
,"/home/ubuntu/idlr_pts_mobile/server/_core/context.ts": {"lines":{"total":18,"covered":0,"skipped":0,"pct":0},"functions":{"total":1,"covered":0,"skipped":0,"pct":0},"statements":{"total":18,"covered":0,"skipped":0,"pct":0},"branches":{"total":1,"covered":0,"skipped":0,"pct":0}}
,"/home/ubuntu/idlr_pts_mobile/server/_core/cookies.ts": {"lines":{"total":35,"covered":2,"skipped":0,"pct":5.71},"functions":{"total":4,"covered":0,"skipped":0,"pct":0},"statements":{"total":35,"covered":2,"skipped":0,"pct":5.71},"branches":{"total":0,"covered":0,"skipped":0,"pct":100}}
,"/home/ubuntu/idlr_pts_mobile/server/_core/dataApi.ts": {"lines":{"total":45,"covered":0,"skipped":0,"pct":0},"functions":{"total":1,"covered":0,"skipped":0,"pct":0},"statements":{"total":45,"covered":0,"skipped":0,"pct":0},"branches":{"total":1,"covered":0,"skipped":0,"pct":0}}
,"/home/ubuntu/idlr_pts_mobile/server/_core/enterpriseAuth.ts": {"lines":{"total":19,"covered":10,"skipped":0,"pct":52.63},"functions":{"total":2,"covered":0,"skipped":0,"pct":0},"statements":{"total":19,"covered":10,"skipped":0,"pct":52.63},"branches":{"total":0,"covered":0,"skipped":0,"pct":100}}
,"/home/ubuntu/idlr_pts_mobile/server/_core/env.ts": {"lines":{"total":33,"covered":33,"skipped":0,"pct":100},"functions":{"total":0,"covered":0,"skipped":0,"pct":100},"statements":{"total":33,"covered":33,"skipped":0,"pct":100},"branches":{"total":11,"covered":0,"skipped":0,"pct":0}}
,"/home/ubuntu/idlr_pts_mobile/server/_core/heartbeat.ts": {"lines":{"total":139,"covered":0,"skipped":0,"pct":0},"functions":{"total":1,"covered":0,"skipped":0,"pct":0},"statements":{"total":139,"covered":0,"skipped":0,"pct":0},"branches":{"total":1,"covered":0,"skipped":0,"pct":0}}
,"/home/ubuntu/idlr_pts_mobile/server/_core/index.ts": {"lines":{"total":103,"covered":0,"skipped":0,"pct":0},"functions":{"total":1,"covered":0,"skipped":0,"pct":0},"statements":{"total":103,"covered":0,"skipped":0,"pct":0},"branches":{"total":1,"covered":0,"skipped":0,"pct":0}}
,"/home/ubuntu/idlr_pts_mobile/server/_core/oauth.ts": {"lines":{"total":97,"covered":0,"skipped":0,"pct":0},"functions":{"total":1,"covered":0,"skipped":0,"pct":0},"statements":{"total":97,"covered":0,"skipped":0,"pct":0},"branches":{"total":1,"covered":0,"skipped":0,"pct":0}}
,"/home/ubuntu/idlr_pts_mobile/server/_core/sdk.ts": {"lines":{"total":191,"covered":72,"skipped":0,"pct":37.69},"functions":{"total":13,"covered":5,"skipped":0,"pct":38.46},"statements":{"total":191,"covered":72,"skipped":0,"pct":37.69},"branches":{"total":15,"covered":5,"skipped":0,"pct":33.33}}
,"/home/ubuntu/idlr_pts_mobile/server/_core/systemRouter.ts": {"lines":{"total":31,"covered":26,"skipped":0,"pct":83.87},"functions":{"total":0,"covered":0,"skipped":0,"pct":100},"statements":{"total":31,"covered":26,"skipped":0,"pct":83.87},"branches":{"total":0,"covered":0,"skipped":0,"pct":100}}
,"/home/ubuntu/idlr_pts_mobile/server/_core/trpc.ts": {"lines":{"total":51,"covered":16,"skipped":0,"pct":31.37},"functions":{"total":0,"covered":0,"skipped":0,"pct":100},"statements":{"total":51,"covered":16,"skipped":0,"pct":31.37},"branches":{"total":0,"covered":0,"skipped":0,"pct":100}}
,"/home/ubuntu/idlr_pts_mobile/server/_core/types/manusTypes.ts": {"lines":{"total":0,"covered":0,"skipped":0,"pct":100},"functions":{"total":1,"covered":1,"skipped":0,"pct":100},"statements":{"total":0,"covered":0,"skipped":0,"pct":100},"branches":{"total":1,"covered":1,"skipped":0,"pct":100}}
}
